Build started 2012/10/29 23:54:23.
     1>Project "I:\MyProjects\workplace\UpdateTest\tinyxml_2_6_2\tinyxml\tinyXmlTestSTL.vcxproj" on node 3 (build target(s)).
     1>InitializeBuildStatus:
         Creating "I:\MyProjects\workplace\UpdateTest\tinyxml_2_6_2\tinyxml\DebugtinyXmlTestSTL\tinyXmlTestSTL.unsuccessfulbuild" because "AlwaysCreate" was specified.
       ClCompile:
         C:\Program Files\Microsoft Visual Studio 10.0\VC\bin\CL.exe /c /ZI /nologo /W4 /WX- /Od /Oy- /D WIN32 /D _DEBUG /D _CONSOLE /D TIXML_USE_STL /D TUNE /D _CRT_SECURE_NO_WARNINGS /D _VC80_UPGRADE=0x0600 /D _MBCS /Gm /EHsc /RTC1 /MTd /GS /fp:precise /Zc:wchar_t /Zc:forScope /Fo"I:\MyProjects\workplace\UpdateTest\tinyxml_2_6_2\tinyxml\DebugtinyXmlTestSTL\\" /Fd"I:\MyProjects\workplace\UpdateTest\tinyxml_2_6_2\tinyxml\DebugtinyXmlTestSTL\vc100.pdb" /FR"I:\MyProjects\workplace\UpdateTest\tinyxml_2_6_2\tinyxml\DebugtinyXmlTestSTL\\" /Gd /TP /analyze- /errorReport:prompt xmltest.cpp
         xmltest.cpp
     1>i:\myprojects\workplace\updatetest\tinyxml_2_6_2\tinyxml\xmltest.cpp(955): warning C4819: The file contains a character that cannot be represented in the current code page (936). Save the file in Unicode format to prevent data loss
     1>i:\myprojects\workplace\updatetest\tinyxml_2_6_2\tinyxml\xmltest.cpp(1142): error C2001: newline in constant
     1>i:\myprojects\workplace\updatetest\tinyxml_2_6_2\tinyxml\xmltest.cpp(1149): error C2001: newline in constant
     1>i:\myprojects\workplace\updatetest\tinyxml_2_6_2\tinyxml\xmltest.cpp(1150): error C2146: syntax error : missing ')' before identifier 'TiXmlHandle'
     1>i:\myprojects\workplace\updatetest\tinyxml_2_6_2\tinyxml\xmltest.cpp(1152): error C2065: 'tHandle' : undeclared identifier
     1>i:\myprojects\workplace\updatetest\tinyxml_2_6_2\tinyxml\xmltest.cpp(1152): error C2228: left of '.Text' must have class/struct/union
                 type is ''unknown-type''
     1>i:\myprojects\workplace\updatetest\tinyxml_2_6_2\tinyxml\xmltest.cpp(1153): error C2001: newline in constant
     1>i:\myprojects\workplace\updatetest\tinyxml_2_6_2\tinyxml\xmltest.cpp(1154): error C2143: syntax error : missing ')' before '}'
     1>i:\myprojects\workplace\updatetest\tinyxml_2_6_2\tinyxml\xmltest.cpp(1154): error C2661: 'XmlTest' : no overloaded function takes 2 arguments
     1>i:\myprojects\workplace\updatetest\tinyxml_2_6_2\tinyxml\xmltest.cpp(1154): error C2143: syntax error : missing ';' before '}'
     1>Done Building Project "I:\MyProjects\workplace\UpdateTest\tinyxml_2_6_2\tinyxml\tinyXmlTestSTL.vcxproj" (build target(s)) -- FAILED.

Build FAILED.

Time Elapsed 00:00:02.10
